Reading CRKALN_001
Length of data: 298080 / 290644

datetime: 0 / 0

avgwindspeed: 7436 / 0

avgpower: 7436 / 0

windspeedstandarddeviation: 118508 / 111072

nacelleposition: 7436 / 0

avgwinddirection: 12827 / 5391

availablepowerpublished: 7436 / 0

avgrotorspeed: 7436 / 0

avgpitchangle: 7443 / 7

avgreactivepower: 7436 / 0

ambienttemperature: 7436 / 0

avghumidity: 7436 / 0

turbinepressure: 7437 / 1

density: 7437 / 1

latitude: 7436 / 0

longitude: 7436 / 0

cutoutwindspeed: 7436 / 0

ratedwindspeed: 7436 / 0

rotordiameter: 7436 / 0

hubheight: 7436 / 0

groundlevelaltitude: 7436 / 0

turbulent: 12827 / 5391

underperformanceprobability: 152693 / 145257

overperformanceprobability: 152485 / 145049

turbulentvalid: 7436 / 0

underperformanceprobabilityvalid: 7436 / 0

overperformanceprobabilityvalid: 7436 / 0
(297360, 720, 26)
Reading CRKALN_002
Length of data: 298080 / 289757

datetime: 0 / 0

avgwindspeed: 8323 / 0

avgpower: 8323 / 0

windspeedstandarddeviation: 119921 / 111598

nacelleposition: 8323 / 0

avgwinddirection: 13712 / 5389

availablepowerpublished: 8323 / 0

avgrotorspeed: 8323 / 0

avgpitchangle: 8332 / 9

avgreactivepower: 8323 / 0

ambienttemperature: 8323 / 0

avghumidity: 8323 / 0

turbinepressure: 8324 / 1

density: 8324 / 1

latitude: 8323 / 0

longitude: 8323 / 0

cutoutwindspeed: 8323 / 0

ratedwindspeed: 8323 / 0

rotordiameter: 8323 / 0

hubheight: 8323 / 0

groundlevelaltitude: 8323 / 0

turbulent: 13712 / 5389

underperformanceprobability: 155042 / 146719

overperformanceprobability: 154673 / 146350

turbulentvalid: 8323 / 0

underperformanceprobabilityvalid: 8323 / 0

overperformanceprobabilityvalid: 8323 / 0
(297360, 720, 26)
Reading CRKALN_003
Length of data: 298080 / 289757

datetime: 0 / 0

avgwindspeed: 8411 / 88

avgpower: 8323 / 0

windspeedstandarddeviation: 119698 / 111375

nacelleposition: 8323 / 0

avgwinddirection: 13713 / 5390

availablepowerpublished: 8323 / 0

avgrotorspeed: 8323 / 0

avgpitchangle: 8330 / 7

avgreactivepower: 8323 / 0

ambienttemperature: 8323 / 0

avghumidity: 8323 / 0

turbinepressure: 8324 / 1

density: 8324 / 1

latitude: 8323 / 0

longitude: 8323 / 0

cutoutwindspeed: 8323 / 0

ratedwindspeed: 8323 / 0

rotordiameter: 8323 / 0

hubheight: 8323 / 0

groundlevelaltitude: 8323 / 0

turbulent: 13713 / 5390

underperformanceprobability: 166942 / 158619

overperformanceprobability: 166671 / 158348

turbulentvalid: 8323 / 0

underperformanceprobabilityvalid: 8323 / 0

overperformanceprobabilityvalid: 8323 / 0
(297360, 720, 26)
Reading CRKALN_004
Length of data: 298080 / 289753

datetime: 0 / 0

avgwindspeed: 8327 / 0

avgpower: 8327 / 0

windspeedstandarddeviation: 120055 / 111728

nacelleposition: 8327 / 0

avgwinddirection: 13717 / 5390

availablepowerpublished: 8327 / 0

avgrotorspeed: 8327 / 0

avgpitchangle: 8346 / 19

avgreactivepower: 8327 / 0

ambienttemperature: 8327 / 0

avghumidity: 8327 / 0

turbinepressure: 8328 / 1

density: 8328 / 1

latitude: 8327 / 0

longitude: 8327 / 0

cutoutwindspeed: 8327 / 0

ratedwindspeed: 8327 / 0

rotordiameter: 8327 / 0

hubheight: 8327 / 0

groundlevelaltitude: 8327 / 0

turbulent: 13717 / 5390

underperformanceprobability: 161233 / 152906

overperformanceprobability: 161010 / 152683

turbulentvalid: 8327 / 0

underperformanceprobabilityvalid: 8327 / 0

overperformanceprobabilityvalid: 8327 / 0
(297360, 720, 26)
Reading CRKALN_005
Length of data: 298080 / 290800

datetime: 0 / 0

avgwindspeed: 7280 / 0

avgpower: 7280 / 0

windspeedstandarddeviation: 118367 / 111087

nacelleposition: 7280 / 0

avgwinddirection: 12667 / 5387

availablepowerpublished: 7280 / 0

avgrotorspeed: 7280 / 0

avgpitchangle: 7289 / 9

avgreactivepower: 7280 / 0

ambienttemperature: 7280 / 0

avghumidity: 7280 / 0

turbinepressure: 7281 / 1

density: 7281 / 1

latitude: 7280 / 0

longitude: 7280 / 0

cutoutwindspeed: 7280 / 0

ratedwindspeed: 7280 / 0

rotordiameter: 7280 / 0

hubheight: 7280 / 0

groundlevelaltitude: 7280 / 0

turbulent: 12667 / 5387

underperformanceprobability: 159680 / 152400

overperformanceprobability: 159116 / 151836

turbulentvalid: 7280 / 0

underperformanceprobabilityvalid: 7280 / 0

overperformanceprobabilityvalid: 7280 / 0
(297360, 720, 26)
Reading CRKALN_006
Length of data: 298080 / 290818

datetime: 0 / 0

avgwindspeed: 7262 / 0

avgpower: 7262 / 0

windspeedstandarddeviation: 118763 / 111501

nacelleposition: 7262 / 0

avgwinddirection: 12652 / 5390

availablepowerpublished: 7262 / 0

avgrotorspeed: 7262 / 0

avgpitchangle: 7270 / 8

avgreactivepower: 7262 / 0

ambienttemperature: 7262 / 0

avghumidity: 7262 / 0

turbinepressure: 7263 / 1

density: 7263 / 1

latitude: 7262 / 0

longitude: 7262 / 0

cutoutwindspeed: 7262 / 0

ratedwindspeed: 7262 / 0

rotordiameter: 7262 / 0

hubheight: 7262 / 0

groundlevelaltitude: 7262 / 0

turbulent: 12652 / 5390

underperformanceprobability: 145443 / 138181

overperformanceprobability: 145320 / 138058

turbulentvalid: 7262 / 0

underperformanceprobabilityvalid: 7262 / 0

overperformanceprobabilityvalid: 7262 / 0
(297360, 720, 26)
Reading CRKALN_007
Length of data: 298080 / 289696

datetime: 0 / 0

avgwindspeed: 8384 / 0

avgpower: 8384 / 0

windspeedstandarddeviation: 124664 / 116280

nacelleposition: 8384 / 0

avgwinddirection: 13770 / 5386

availablepowerpublished: 8384 / 0

avgrotorspeed: 8384 / 0

avgpitchangle: 8389 / 5

avgreactivepower: 8384 / 0

ambienttemperature: 8384 / 0

avghumidity: 8384 / 0

turbinepressure: 8385 / 1

density: 8385 / 1

latitude: 8384 / 0

longitude: 8384 / 0

cutoutwindspeed: 8384 / 0

ratedwindspeed: 8384 / 0

rotordiameter: 8384 / 0

hubheight: 8384 / 0

groundlevelaltitude: 8384 / 0

turbulent: 13770 / 5386

underperformanceprobability: 130482 / 122098

overperformanceprobability: 130245 / 121861

turbulentvalid: 8384 / 0

underperformanceprobabilityvalid: 8384 / 0

overperformanceprobabilityvalid: 8384 / 0
(297360, 720, 26)
Reading CRKALN_008
Length of data: 298080 / 290745

datetime: 0 / 0

avgwindspeed: 7335 / 0

avgpower: 7335 / 0

windspeedstandarddeviation: 119007 / 111672

nacelleposition: 7335 / 0

avgwinddirection: 12721 / 5386

availablepowerpublished: 7335 / 0

avgrotorspeed: 7335 / 0

avgpitchangle: 7340 / 5

avgreactivepower: 7335 / 0

ambienttemperature: 7335 / 0

avghumidity: 7335 / 0

turbinepressure: 7336 / 1

density: 7336 / 1

latitude: 7335 / 0

longitude: 7335 / 0

cutoutwindspeed: 7335 / 0

ratedwindspeed: 7335 / 0

rotordiameter: 7335 / 0

hubheight: 7335 / 0

groundlevelaltitude: 7335 / 0

turbulent: 12721 / 5386

underperformanceprobability: 150025 / 142690

overperformanceprobability: 149657 / 142322

turbulentvalid: 7335 / 0

underperformanceprobabilityvalid: 7335 / 0

overperformanceprobabilityvalid: 7335 / 0
(297360, 720, 26)
Reading CRKALN_009
Length of data: 298080 / 290822

datetime: 0 / 0

avgwindspeed: 7258 / 0

avgpower: 7258 / 0

windspeedstandarddeviation: 118686 / 111428

nacelleposition: 7258 / 0

avgwinddirection: 12643 / 5385

availablepowerpublished: 7258 / 0

avgrotorspeed: 7258 / 0

avgpitchangle: 7267 / 9

avgreactivepower: 7258 / 0

ambienttemperature: 7258 / 0

avghumidity: 7258 / 0

turbinepressure: 7259 / 1

density: 7259 / 1

latitude: 7258 / 0

longitude: 7258 / 0

cutoutwindspeed: 7258 / 0

ratedwindspeed: 7258 / 0

rotordiameter: 7258 / 0

hubheight: 7258 / 0

groundlevelaltitude: 7258 / 0

turbulent: 12643 / 5385

underperformanceprobability: 145425 / 138167

overperformanceprobability: 142736 / 135478

turbulentvalid: 7258 / 0

underperformanceprobabilityvalid: 7258 / 0

overperformanceprobabilityvalid: 7258 / 0
(297360, 720, 26)
Reading CRKALN_010
Length of data: 298080 / 290705

datetime: 0 / 0

avgwindspeed: 7428 / 53

avgpower: 7375 / 0

windspeedstandarddeviation: 122315 / 114940

nacelleposition: 7375 / 0

avgwinddirection: 12759 / 5384

availablepowerpublished: 7375 / 0

avgrotorspeed: 7375 / 0

avgpitchangle: 7482 / 107

avgreactivepower: 7375 / 0

ambienttemperature: 7375 / 0

avghumidity: 7375 / 0

turbinepressure: 7376 / 1

density: 7376 / 1

latitude: 7375 / 0

longitude: 7375 / 0

cutoutwindspeed: 7375 / 0

ratedwindspeed: 7375 / 0

rotordiameter: 7375 / 0

hubheight: 7375 / 0

groundlevelaltitude: 7375 / 0

turbulent: 12759 / 5384

underperformanceprobability: 121674 / 114299

overperformanceprobability: 127924 / 120549

turbulentvalid: 7375 / 0

underperformanceprobabilityvalid: 7375 / 0

overperformanceprobabilityvalid: 7375 / 0
(297360, 720, 26)
